This file contains any messages produced by compilers while
running configure, to aid debugging if configure makes a mistake.

It was created by ODE configure 0.13, which was
generated by GNU Autoconf 2.69.  Invocation command line was

  $ ./configure --enable-shared --disable-demos --enable-double-precision --disable-asserts --enable-molloc

## --------- ##
## Platform. ##
## --------- ##

hostname = client1
uname -m = x86_64
uname -r = 4.8.0-52-generic
uname -s = Linux
uname -v = #55~16.04.1-Ubuntu SMP Fri Apr 28 14:36:29 UTC 2017

/usr/bin/uname -p = unknown
/bin/uname -X     = unknown

/bin/arch              = unknown
/usr/bin/arch -k       = unknown
/usr/convex/getsysinfo = unknown
/usr/bin/hostinfo      = unknown
/bin/machine           = unknown
/usr/bin/oslevel       = unknown
/bin/universe          = unknown

PATH: /home/client1/bin
PATH: /home/client1/.local/bin
PATH: /usr/local/sbin
PATH: /usr/local/bin
PATH: /usr/sbin
PATH: /usr/bin
PATH: /sbin
PATH: /bin
PATH: /usr/games
PATH: /usr/local/games
PATH: /snap/bin


## ----------- ##
## Core tests. ##
## ----------- ##

configure:2751: checking build system type
configure:2765: result: x86_64-pc-linux-gnu
configure:2785: checking host system type
configure:2798: result: x86_64-pc-linux-gnu
configure:2835: checking for a BSD-compatible install
configure:2903: result: /usr/bin/install -c
configure:2914: checking whether build environment is sane
configure:2969: result: yes
configure:3120: checking for a thread-safe mkdir -p
configure:3159: result: /bin/mkdir -p
configure:3166: checking for gawk
configure:3196: result: no
configure:3166: checking for mawk
configure:3182: found /usr/bin/mawk
configure:3193: result: mawk
configure:3204: checking whether make sets $(MAKE)
configure:3226: result: yes
configure:3255: checking whether make supports nested variables
configure:3272: result: yes
configure:3401: checking whether make sets $(MAKE)
configure:3423: result: yes
configure:3490: checking for g++
configure:3506: found /usr/bin/g++
configure:3517: result: g++
configure:3544: checking for C++ compiler version
configure:3553: g++ --version >&5
g++ (Ubuntu 5.4.0-6ubuntu1~16.04.4) 5.4.0 20160609
Copyright (C) 2015 Free Software Foundation, Inc.
This is free software; see the source for copying conditions.  There is NO
warranty; not even for MERCHANTABILITY or FITNESS FOR A PARTICULAR PURPOSE.

configure:3564: $? = 0
configure:3553: g++ -v >&5
Using built-in specs.
COLLECT_GCC=g++
COLLECT_LTO_WRAPPER=/usr/lib/gcc/x86_64-linux-gnu/5/lto-wrapper
Target: x86_64-linux-gnu
Configured with: ../src/configure -v --with-pkgversion='Ubuntu 5.4.0-6ubuntu1~16.04.4' --with-bugurl=file:///usr/share/doc/gcc-5/README.Bugs --enable-languages=c,ada,c++,java,go,d,fortran,objc,obj-c++ --prefix=/usr --program-suffix=-5 --enable-shared --enable-linker-build-id --libexecdir=/usr/lib --without-included-gettext --enable-threads=posix --libdir=/usr/lib --enable-nls --with-sysroot=/ --enable-clocale=gnu --enable-libstdcxx-debug --enable-libstdcxx-time=yes --with-default-libstdcxx-abi=new --enable-gnu-unique-object --disable-vtable-verify --enable-libmpx --enable-plugin --with-system-zlib --disable-browser-plugin --enable-java-awt=gtk --enable-gtk-cairo --with-java-home=/usr/lib/jvm/java-1.5.0-gcj-5-amd64/jre --enable-java-home --with-jvm-root-dir=/usr/lib/jvm/java-1.5.0-gcj-5-amd64 --with-jvm-jar-dir=/usr/lib/jvm-exports/java-1.5.0-gcj-5-amd64 --with-arch-directory=amd64 --with-ecj-jar=/usr/share/java/eclipse-ecj.jar --enable-objc-gc --enable-multiarch --disable-werror --with-arch-32=i686 --with-abi=m64 --with-multilib-list=m32,m64,mx32 --enable-multilib --with-tune=generic --enable-checking=release --build=x86_64-linux-gnu --host=x86_64-linux-gnu --target=x86_64-linux-gnu
Thread model: posix
gcc version 5.4.0 20160609 (Ubuntu 5.4.0-6ubuntu1~16.04.4) 
configure:3564: $? = 0
configure:3553: g++ -V >&5
g++: error: unrecognized command line option '-V'
g++: fatal error: no input files
compilation terminated.
configure:3564: $? = 1
configure:3553: g++ -qversion >&5
g++: error: unrecognized command line option '-qversion'
g++: fatal error: no input files
compilation terminated.
configure:3564: $? = 1
configure:3584: checking whether the C++ compiler works
configure:3606: g++    conftest.cpp  >&5
configure:3610: $? = 0
configure:3658: result: yes
configure:3661: checking for C++ compiler default output file name
configure:3663: result: a.out
configure:3669: checking for suffix of executables
configure:3676: g++ -o conftest    conftest.cpp  >&5
configure:3680: $? = 0
configure:3702: result: 
configure:3724: checking whether we are cross compiling
configure:3732: g++ -o conftest    conftest.cpp  >&5
configure:3736: $? = 0
configure:3743: ./conftest
configure:3747: $? = 0
configure:3762: result: no
configure:3767: checking for suffix of object files
configure:3789: g++ -c   conftest.cpp >&5
configure:3793: $? = 0
configure:3814: result: o
configure:3818: checking whether we are using the GNU C++ compiler
configure:3837: g++ -c   conftest.cpp >&5
configure:3837: $? = 0
configure:3846: result: yes
configure:3855: checking whether g++ accepts -g
configure:3875: g++ -c -g  conftest.cpp >&5
configure:3875: $? = 0
configure:3916: result: yes
configure:3950: checking for style of include used by make
configure:3978: result: GNU
configure:4004: checking dependency style of g++
configure:4115: result: gcc3
configure:4178: checking for gcc
configure:4194: found /usr/bin/gcc
configure:4205: result: gcc
configure:4434: checking for C compiler version
configure:4443: gcc --version >&5
gcc (Ubuntu 5.4.0-6ubuntu1~16.04.4) 5.4.0 20160609
Copyright (C) 2015 Free Software Foundation, Inc.
This is free software; see the source for copying conditions.  There is NO
warranty; not even for MERCHANTABILITY or FITNESS FOR A PARTICULAR PURPOSE.

configure:4454: $? = 0
configure:4443: gcc -v >&5
Using built-in specs.
COLLECT_GCC=gcc
COLLECT_LTO_WRAPPER=/usr/lib/gcc/x86_64-linux-gnu/5/lto-wrapper
Target: x86_64-linux-gnu
Configured with: ../src/configure -v --with-pkgversion='Ubuntu 5.4.0-6ubuntu1~16.04.4' --with-bugurl=file:///usr/share/doc/gcc-5/README.Bugs --enable-languages=c,ada,c++,java,go,d,fortran,objc,obj-c++ --prefix=/usr --program-suffix=-5 --enable-shared --enable-linker-build-id --libexecdir=/usr/lib --without-included-gettext --enable-threads=posix --libdir=/usr/lib --enable-nls --with-sysroot=/ --enable-clocale=gnu --enable-libstdcxx-debug --enable-libstdcxx-time=yes --with-default-libstdcxx-abi=new --enable-gnu-unique-object --disable-vtable-verify --enable-libmpx --enable-plugin --with-system-zlib --disable-browser-plugin --enable-java-awt=gtk --enable-gtk-cairo --with-java-home=/usr/lib/jvm/java-1.5.0-gcj-5-amd64/jre --enable-java-home --with-jvm-root-dir=/usr/lib/jvm/java-1.5.0-gcj-5-amd64 --with-jvm-jar-dir=/usr/lib/jvm-exports/java-1.5.0-gcj-5-amd64 --with-arch-directory=amd64 --with-ecj-jar=/usr/share/java/eclipse-ecj.jar --enable-objc-gc --enable-multiarch --disable-werror --with-arch-32=i686 --with-abi=m64 --with-multilib-list=m32,m64,mx32 --enable-multilib --with-tune=generic --enable-checking=release --build=x86_64-linux-gnu --host=x86_64-linux-gnu --target=x86_64-linux-gnu
Thread model: posix
gcc version 5.4.0 20160609 (Ubuntu 5.4.0-6ubuntu1~16.04.4) 
configure:4454: $? = 0
configure:4443: gcc -V >&5
gcc: error: unrecognized command line option '-V'
gcc: fatal error: no input files
compilation terminated.
configure:4454: $? = 1
configure:4443: gcc -qversion >&5
gcc: error: unrecognized command line option '-qversion'
gcc: fatal error: no input files
compilation terminated.
configure:4454: $? = 1
configure:4458: checking whether we are using the GNU C compiler
configure:4477: gcc -c   conftest.c >&5
configure:4477: $? = 0
configure:4486: result: yes
configure:4495: checking whether gcc accepts -g
configure:4515: gcc -c -g  conftest.c >&5
configure:4515: $? = 0
configure:4556: result: yes
configure:4573: checking for gcc option to accept ISO C89
configure:4636: gcc  -c -g -O2  conftest.c >&5
configure:4636: $? = 0
configure:4649: result: none needed
configure:4674: checking whether gcc understands -c and -o together
configure:4696: gcc -c conftest.c -o conftest2.o
configure:4699: $? = 0
configure:4696: gcc -c conftest.c -o conftest2.o
configure:4699: $? = 0
configure:4711: result: yes
configure:4730: checking dependency style of gcc
configure:4841: result: gcc3
configure:4862: checking how to run the C preprocessor
configure:4893: gcc -E  conftest.c
configure:4893: $? = 0
configure:4907: gcc -E  conftest.c
conftest.c:11:28: fatal error: ac_nonexistent.h: No such file or directory
compilation terminated.
configure:4907: $? = 1
configure: failed program was:
| /* confdefs.h */
| #define PACKAGE_NAME "ODE"
| #define PACKAGE_TARNAME "ode"
| #define PACKAGE_VERSION "0.13"
| #define PACKAGE_STRING "ODE 0.13"
| #define PACKAGE_BUGREPORT "ode@ode.org"
| #define PACKAGE_URL ""
| #define PACKAGE "ode"
| #define VERSION "0.13"
| /* end confdefs.h.  */
| #include <ac_nonexistent.h>
configure:4932: result: gcc -E
configure:4952: gcc -E  conftest.c
configure:4952: $? = 0
configure:4966: gcc -E  conftest.c
conftest.c:11:28: fatal error: ac_nonexistent.h: No such file or directory
compilation terminated.
configure:4966: $? = 1
configure: failed program was:
| /* confdefs.h */
| #define PACKAGE_NAME "ODE"
| #define PACKAGE_TARNAME "ode"
| #define PACKAGE_VERSION "0.13"
| #define PACKAGE_STRING "ODE 0.13"
| #define PACKAGE_BUGREPORT "ode@ode.org"
| #define PACKAGE_URL ""
| #define PACKAGE "ode"
| #define VERSION "0.13"
| /* end confdefs.h.  */
| #include <ac_nonexistent.h>
configure:4998: checking for gawk
configure:5025: result: mawk
configure:5037: checking whether ln -s works
configure:5041: result: yes
configure:5095: checking how to print strings
configure:5122: result: printf
configure:5143: checking for a sed that does not truncate output
configure:5207: result: /bin/sed
configure:5225: checking for grep that handles long lines and -e
configure:5283: result: /bin/grep
configure:5288: checking for egrep
configure:5350: result: /bin/grep -E
configure:5355: checking for fgrep
configure:5417: result: /bin/grep -F
configure:5452: checking for ld used by gcc
configure:5519: result: /usr/bin/ld
configure:5526: checking if the linker (/usr/bin/ld) is GNU ld
configure:5541: result: yes
configure:5553: checking for BSD- or MS-compatible name lister (nm)
configure:5607: result: /usr/bin/nm -B
configure:5737: checking the name lister (/usr/bin/nm -B) interface
configure:5744: gcc -c -g -O2  conftest.c >&5
configure:5747: /usr/bin/nm -B "conftest.o"
configure:5750: output
0000000000000000 B some_variable
configure:5757: result: BSD nm
configure:5761: checking the maximum length of command line arguments
configure:5892: result: 1572864
configure:5940: checking how to convert x86_64-pc-linux-gnu file names to x86_64-pc-linux-gnu format
configure:5980: result: func_convert_file_noop
configure:5987: checking how to convert x86_64-pc-linux-gnu file names to toolchain format
configure:6007: result: func_convert_file_noop
configure:6014: checking for /usr/bin/ld option to reload object files
configure:6021: result: -r
configure:6095: checking for objdump
configure:6111: found /usr/bin/objdump
configure:6122: result: objdump
configure:6151: checking how to recognize dependent libraries
configure:6351: result: pass_all
configure:6436: checking for dlltool
configure:6466: result: no
configure:6493: checking how to associate runtime and link libraries
configure:6520: result: printf %s\n
configure:6581: checking for ar
configure:6597: found /usr/bin/ar
configure:6608: result: ar
configure:6645: checking for archiver @FILE support
configure:6662: gcc -c -g -O2  conftest.c >&5
configure:6662: $? = 0
configure:6665: ar cru libconftest.a @conftest.lst >&5
ar: `u' modifier ignored since `D' is the default (see `U')
configure:6668: $? = 0
configure:6673: ar cru libconftest.a @conftest.lst >&5
ar: `u' modifier ignored since `D' is the default (see `U')
ar: conftest.o: No such file or directory
configure:6676: $? = 1
configure:6688: result: @
configure:6746: checking for strip
configure:6762: found /usr/bin/strip
configure:6773: result: strip
configure:6845: checking for ranlib
configure:6861: found /usr/bin/ranlib
configure:6872: result: ranlib
configure:6974: checking command to parse /usr/bin/nm -B output from gcc object
configure:7127: gcc -c -g -O2  conftest.c >&5
configure:7130: $? = 0
configure:7134: /usr/bin/nm -B conftest.o \| sed -n -e 's/^.*[ ]\([ABCDGIRSTW][ABCDGIRSTW]*\)[ ][ ]*\([_A-Za-z][_A-Za-z0-9]*\)$/\1 \2 \2/p' | sed '/ __gnu_lto/d' \> conftest.nm
configure:7137: $? = 0
configure:7203: gcc -o conftest -g -O2   conftest.c conftstm.o >&5
configure:7206: $? = 0
configure:7244: result: ok
configure:7291: checking for sysroot
configure:7321: result: no
configure:7328: checking for a working dd
configure:7366: result: /bin/dd
configure:7370: checking how to truncate binary pipes
configure:7385: result: /bin/dd bs=4096 count=1
configure:7521: gcc -c -g -O2  conftest.c >&5
configure:7524: $? = 0
configure:7714: checking for mt
configure:7730: found /bin/mt
configure:7741: result: mt
configure:7764: checking if mt is a manifest tool
configure:7770: mt '-?'
configure:7778: result: no
configure:8451: checking for ANSI C header files
configure:8471: gcc -c -g -O2  conftest.c >&5
configure:8471: $? = 0
configure:8544: gcc -o conftest -g -O2   conftest.c  >&5
configure:8544: $? = 0
configure:8544: ./conftest
configure:8544: $? = 0
configure:8555: result: yes
configure:8568: checking for sys/types.h
configure:8568: gcc -c -g -O2  conftest.c >&5
configure:8568: $? = 0
configure:8568: result: yes
configure:8568: checking for sys/stat.h
configure:8568: gcc -c -g -O2  conftest.c >&5
configure:8568: $? = 0
configure:8568: result: yes
configure:8568: checking for stdlib.h
configure:8568: gcc -c -g -O2  conftest.c >&5
configure:8568: $? = 0
configure:8568: result: yes
configure:8568: checking for string.h
configure:8568: gcc -c -g -O2  conftest.c >&5
configure:8568: $? = 0
configure:8568: result: yes
configure:8568: checking for memory.h
configure:8568: gcc -c -g -O2  conftest.c >&5
configure:8568: $? = 0
configure:8568: result: yes
configure:8568: checking for strings.h
configure:8568: gcc -c -g -O2  conftest.c >&5
configure:8568: $? = 0
configure:8568: result: yes
configure:8568: checking for inttypes.h
configure:8568: gcc -c -g -O2  conftest.c >&5
configure:8568: $? = 0
configure:8568: result: yes
configure:8568: checking for stdint.h
configure:8568: gcc -c -g -O2  conftest.c >&5
configure:8568: $? = 0
configure:8568: result: yes
configure:8568: checking for unistd.h
configure:8568: gcc -c -g -O2  conftest.c >&5
configure:8568: $? = 0
configure:8568: result: yes
configure:8582: checking for dlfcn.h
configure:8582: gcc -c -g -O2  conftest.c >&5
configure:8582: $? = 0
configure:8582: result: yes
configure:9146: checking for objdir
configure:9161: result: .libs
configure:9425: checking if gcc supports -fno-rtti -fno-exceptions
configure:9443: gcc -c -g -O2  -fno-rtti -fno-exceptions conftest.c >&5
cc1: warning: command line option '-fno-rtti' is valid for C++/ObjC++ but not for C
configure:9447: $? = 0
configure:9460: result: no
configure:9818: checking for gcc option to produce PIC
configure:9825: result: -fPIC -DPIC
configure:9833: checking if gcc PIC flag -fPIC -DPIC works
configure:9851: gcc -c -g -O2  -fPIC -DPIC -DPIC conftest.c >&5
configure:9855: $? = 0
configure:9868: result: yes
configure:9897: checking if gcc static flag -static works
configure:9925: result: yes
configure:9940: checking if gcc supports -c -o file.o
configure:9961: gcc -c -g -O2  -o out/conftest2.o conftest.c >&5
configure:9965: $? = 0
configure:9987: result: yes
configure:9995: checking if gcc supports -c -o file.o
configure:10042: result: yes
configure:10075: checking whether the gcc linker (/usr/bin/ld -m elf_x86_64) supports shared libraries
configure:11338: result: yes
configure:11375: checking whether -lc should be explicitly linked in
configure:11383: gcc -c -g -O2  conftest.c >&5
configure:11386: $? = 0
configure:11401: gcc -shared  -fPIC -DPIC conftest.o  -v -Wl,-soname -Wl,conftest -o conftest 2\>\&1 \| /bin/grep  -lc  \>/dev/null 2\>\&1
configure:11404: $? = 0
configure:11418: result: no
configure:11578: checking dynamic linker characteristics
configure:12159: gcc -o conftest -g -O2   -Wl,-rpath -Wl,/foo conftest.c  >&5
configure:12159: $? = 0
configure:12408: result: GNU/Linux ld.so
configure:12530: checking how to hardcode library paths into programs
configure:12555: result: immediate
configure:13103: checking whether stripping libraries is possible
configure:13108: result: yes
configure:13143: checking if libtool supports shared libraries
configure:13145: result: yes
configure:13148: checking whether to build shared libraries
configure:13173: result: yes
configure:13176: checking whether to build static libraries
configure:13180: result: yes
configure:13203: checking how to run the C++ preprocessor
configure:13230: g++ -E  conftest.cpp
configure:13230: $? = 0
configure:13244: g++ -E  conftest.cpp
conftest.cpp:23:28: fatal error: ac_nonexistent.h: No such file or directory
compilation terminated.
configure:13244: $? = 1
configure: failed program was:
| /* confdefs.h */
| #define PACKAGE_NAME "ODE"
| #define PACKAGE_TARNAME "ode"
| #define PACKAGE_VERSION "0.13"
| #define PACKAGE_STRING "ODE 0.13"
| #define PACKAGE_BUGREPORT "ode@ode.org"
| #define PACKAGE_URL ""
| #define PACKAGE "ode"
| #define VERSION "0.13"
| #define STDC_HEADERS 1
| #define HAVE_SYS_TYPES_H 1
| #define HAVE_SYS_STAT_H 1
| #define HAVE_STDLIB_H 1
| #define HAVE_STRING_H 1
| #define HAVE_MEMORY_H 1
| #define HAVE_STRINGS_H 1
| #define HAVE_INTTYPES_H 1
| #define HAVE_STDINT_H 1
| #define HAVE_UNISTD_H 1
| #define HAVE_DLFCN_H 1
| #define LT_OBJDIR ".libs/"
| /* end confdefs.h.  */
| #include <ac_nonexistent.h>
configure:13269: result: g++ -E
configure:13289: g++ -E  conftest.cpp
configure:13289: $? = 0
configure:13303: g++ -E  conftest.cpp
conftest.cpp:23:28: fatal error: ac_nonexistent.h: No such file or directory
compilation terminated.
configure:13303: $? = 1
configure: failed program was:
| /* confdefs.h */
| #define PACKAGE_NAME "ODE"
| #define PACKAGE_TARNAME "ode"
| #define PACKAGE_VERSION "0.13"
| #define PACKAGE_STRING "ODE 0.13"
| #define PACKAGE_BUGREPORT "ode@ode.org"
| #define PACKAGE_URL ""
| #define PACKAGE "ode"
| #define VERSION "0.13"
| #define STDC_HEADERS 1
| #define HAVE_SYS_TYPES_H 1
| #define HAVE_SYS_STAT_H 1
| #define HAVE_STDLIB_H 1
| #define HAVE_STRING_H 1
| #define HAVE_MEMORY_H 1
| #define HAVE_STRINGS_H 1
| #define HAVE_INTTYPES_H 1
| #define HAVE_STDINT_H 1
| #define HAVE_UNISTD_H 1
| #define HAVE_DLFCN_H 1
| #define LT_OBJDIR ".libs/"
| /* end confdefs.h.  */
| #include <ac_nonexistent.h>
configure:13465: checking for ld used by g++
configure:13532: result: /usr/bin/ld -m elf_x86_64
configure:13539: checking if the linker (/usr/bin/ld -m elf_x86_64) is GNU ld
configure:13554: result: yes
configure:13609: checking whether the g++ linker (/usr/bin/ld -m elf_x86_64) supports shared libraries
configure:14682: result: yes
configure:14718: g++ -c -g -O2  conftest.cpp >&5
configure:14721: $? = 0
configure:15202: checking for g++ option to produce PIC
configure:15209: result: -fPIC -DPIC
configure:15217: checking if g++ PIC flag -fPIC -DPIC works
configure:15235: g++ -c -g -O2  -fPIC -DPIC -DPIC conftest.cpp >&5
configure:15239: $? = 0
configure:15252: result: yes
configure:15275: checking if g++ static flag -static works
configure:15303: result: yes
configure:15315: checking if g++ supports -c -o file.o
configure:15336: g++ -c -g -O2  -o out/conftest2.o conftest.cpp >&5
configure:15340: $? = 0
configure:15362: result: yes
configure:15367: checking if g++ supports -c -o file.o
configure:15414: result: yes
configure:15444: checking whether the g++ linker (/usr/bin/ld -m elf_x86_64) supports shared libraries
configure:15487: result: yes
configure:15628: checking dynamic linker characteristics
configure:16385: result: GNU/Linux ld.so
configure:16450: checking how to hardcode library paths into programs
configure:16475: result: immediate
configure:16585: checking for windres
configure:16615: result: no
configure:16637: checking whether byte ordering is bigendian
configure:16652: gcc -c -g -O2  conftest.c >&5
conftest.c:24:9: error: unknown type name 'not'
         not a universal capable compiler
         ^
conftest.c:24:15: error: expected '=', ',', ';', 'asm' or '__attribute__' before 'universal'
         not a universal capable compiler
               ^
conftest.c:24:15: error: unknown type name 'universal'
configure:16652: $? = 1
configure: failed program was:
| /* confdefs.h */
| #define PACKAGE_NAME "ODE"
| #define PACKAGE_TARNAME "ode"
| #define PACKAGE_VERSION "0.13"
| #define PACKAGE_STRING "ODE 0.13"
| #define PACKAGE_BUGREPORT "ode@ode.org"
| #define PACKAGE_URL ""
| #define PACKAGE "ode"
| #define VERSION "0.13"
| #define STDC_HEADERS 1
| #define HAVE_SYS_TYPES_H 1
| #define HAVE_SYS_STAT_H 1
| #define HAVE_STDLIB_H 1
| #define HAVE_STRING_H 1
| #define HAVE_MEMORY_H 1
| #define HAVE_STRINGS_H 1
| #define HAVE_INTTYPES_H 1
| #define HAVE_STDINT_H 1
| #define HAVE_UNISTD_H 1
| #define HAVE_DLFCN_H 1
| #define LT_OBJDIR ".libs/"
| /* end confdefs.h.  */
| #ifndef __APPLE_CC__
| 	       not a universal capable compiler
| 	     #endif
| 	     typedef int dummy;
| 
configure:16697: gcc -c -g -O2  conftest.c >&5
configure:16697: $? = 0
configure:16715: gcc -c -g -O2  conftest.c >&5
conftest.c: In function 'main':
conftest.c:30:4: error: unknown type name 'not'
    not big endian
    ^
conftest.c:30:12: error: expected '=', ',', ';', 'asm' or '__attribute__' before 'endian'
    not big endian
            ^
configure:16715: $? = 1
configure: failed program was:
| /* confdefs.h */
| #define PACKAGE_NAME "ODE"
| #define PACKAGE_TARNAME "ode"
| #define PACKAGE_VERSION "0.13"
| #define PACKAGE_STRING "ODE 0.13"
| #define PACKAGE_BUGREPORT "ode@ode.org"
| #define PACKAGE_URL ""
| #define PACKAGE "ode"
| #define VERSION "0.13"
| #define STDC_HEADERS 1
| #define HAVE_SYS_TYPES_H 1
| #define HAVE_SYS_STAT_H 1
| #define HAVE_STDLIB_H 1
| #define HAVE_STRING_H 1
| #define HAVE_MEMORY_H 1
| #define HAVE_STRINGS_H 1
| #define HAVE_INTTYPES_H 1
| #define HAVE_STDINT_H 1
| #define HAVE_UNISTD_H 1
| #define HAVE_DLFCN_H 1
| #define LT_OBJDIR ".libs/"
| /* end confdefs.h.  */
| #include <sys/types.h>
| 		#include <sys/param.h>
| 
| int
| main ()
| {
| #if BYTE_ORDER != BIG_ENDIAN
| 		 not big endian
| 		#endif
| 
|   ;
|   return 0;
| }
configure:16843: result: no
configure:16861: checking for inline
configure:16877: gcc -c -g -O2  conftest.c >&5
configure:16877: $? = 0
configure:16885: result: inline
configure:16903: checking for working volatile
configure:16922: gcc -c -g -O2  conftest.c >&5
configure:16922: $? = 0
configure:16929: result: yes
configure:16990: checking for pkg-config
configure:17008: found /usr/bin/pkg-config
configure:17020: result: /usr/bin/pkg-config
configure:17045: checking pkg-config is at least version 0.9.0
configure:17048: result: yes
configure:17095: checking alloca.h usability
configure:17095: gcc -c -g -O2  conftest.c >&5
configure:17095: $? = 0
configure:17095: result: yes
configure:17095: checking alloca.h presence
configure:17095: gcc -E  conftest.c
configure:17095: $? = 0
configure:17095: result: yes
configure:17095: checking for alloca.h
configure:17095: result: yes
configure:17095: checking stdio.h usability
configure:17095: gcc -c -g -O2  conftest.c >&5
configure:17095: $? = 0
configure:17095: result: yes
configure:17095: checking stdio.h presence
configure:17095: gcc -E  conftest.c
configure:17095: $? = 0
configure:17095: result: yes
configure:17095: checking for stdio.h
configure:17095: result: yes
configure:17095: checking for inttypes.h
configure:17095: result: yes
configure:17095: checking for stdint.h
configure:17095: result: yes
configure:17095: checking for stdlib.h
configure:17095: result: yes
configure:17095: checking math.h usability
configure:17095: gcc -c -g -O2  conftest.c >&5
configure:17095: $? = 0
configure:17095: result: yes
configure:17095: checking math.h presence
configure:17095: gcc -E  conftest.c
configure:17095: $? = 0
configure:17095: result: yes
configure:17095: checking for math.h
configure:17095: result: yes
configure:17095: checking for string.h
configure:17095: result: yes
configure:17095: checking stdarg.h usability
configure:17095: gcc -c -g -O2  conftest.c >&5
configure:17095: $? = 0
configure:17095: result: yes
configure:17095: checking stdarg.h presence
configure:17095: gcc -E  conftest.c
configure:17095: $? = 0
configure:17095: result: yes
configure:17095: checking for stdarg.h
configure:17095: result: yes
configure:17095: checking malloc.h usability
configure:17095: gcc -c -g -O2  conftest.c >&5
configure:17095: $? = 0
configure:17095: result: yes
configure:17095: checking malloc.h presence
configure:17095: gcc -E  conftest.c
configure:17095: $? = 0
configure:17095: result: yes
configure:17095: checking for malloc.h
configure:17095: result: yes
configure:17095: checking float.h usability
configure:17095: gcc -c -g -O2  conftest.c >&5
configure:17095: $? = 0
configure:17095: result: yes
configure:17095: checking float.h presence
configure:17095: gcc -E  conftest.c
configure:17095: $? = 0
configure:17095: result: yes
configure:17095: checking for float.h
configure:17095: result: yes
configure:17095: checking time.h usability
configure:17095: gcc -c -g -O2  conftest.c >&5
configure:17095: $? = 0
configure:17095: result: yes
configure:17095: checking time.h presence
configure:17095: gcc -E  conftest.c
configure:17095: $? = 0
configure:17095: result: yes
configure:17095: checking for time.h
configure:17095: result: yes
configure:17095: checking sys/time.h usability
configure:17095: gcc -c -g -O2  conftest.c >&5
configure:17095: $? = 0
configure:17095: result: yes
configure:17095: checking sys/time.h presence
configure:17095: gcc -E  conftest.c
configure:17095: $? = 0
configure:17095: result: yes
configure:17095: checking for sys/time.h
configure:17095: result: yes
configure:17095: checking limits.h usability
configure:17095: gcc -c -g -O2  conftest.c >&5
configure:17095: $? = 0
configure:17095: result: yes
configure:17095: checking limits.h presence
configure:17095: gcc -E  conftest.c
configure:17095: $? = 0
configure:17095: result: yes
configure:17095: checking for limits.h
configure:17095: result: yes
configure:17095: checking stddef.h usability
configure:17095: gcc -c -g -O2  conftest.c >&5
configure:17095: $? = 0
configure:17095: result: yes
configure:17095: checking stddef.h presence
configure:17095: gcc -E  conftest.c
configure:17095: $? = 0
configure:17095: result: yes
configure:17095: checking for stddef.h
configure:17095: result: yes
configure:17153: checking if double precision is requested
configure:17162: result: yes
configure:17209: checking which drawstuff lib to build
configure:17211: result: X11
configure:17220: checking for X11
configure:17227: $PKG_CONFIG --exists --print-errors "x11"
configure:17230: $? = 0
configure:17243: $PKG_CONFIG --exists --print-errors "x11"
configure:17246: $? = 0
configure:17283: result: yes
configure:17299: checking for GL/gl.h
configure:17299: gcc -c -g -O2  conftest.c >&5
configure:17299: $? = 0
configure:17299: result: yes
configure:17299: checking for GL/glu.h
configure:17299: gcc -c -g -O2  conftest.c >&5
configure:17299: $? = 0
configure:17299: result: yes
configure:17299: checking for GL/glext.h
configure:17299: gcc -c -g -O2  conftest.c >&5
configure:17299: $? = 0
configure:17299: result: yes
configure:17324: checking for main in -lGL
configure:17343: gcc -o conftest -g -O2   conftest.c -lGL   >&5
configure:17343: $? = 0
configure:17352: result: yes
configure:17358: checking for main in -lGLU
configure:17377: gcc -o conftest -g -O2   conftest.c -lGLU -lGL  >&5
configure:17377: $? = 0
configure:17386: result: yes
configure:17392: checking for main in -lopengl32
configure:17411: gcc -o conftest -g -O2   conftest.c -lopengl32   >&5
/usr/bin/ld: cannot find -lopengl32
collect2: error: ld returned 1 exit status
configure:17411: $? = 1
configure: failed program was:
| /* confdefs.h */
| #define PACKAGE_NAME "ODE"
| #define PACKAGE_TARNAME "ode"
| #define PACKAGE_VERSION "0.13"
| #define PACKAGE_STRING "ODE 0.13"
| #define PACKAGE_BUGREPORT "ode@ode.org"
| #define PACKAGE_URL ""
| #define PACKAGE "ode"
| #define VERSION "0.13"
| #define STDC_HEADERS 1
| #define HAVE_SYS_TYPES_H 1
| #define HAVE_SYS_STAT_H 1
| #define HAVE_STDLIB_H 1
| #define HAVE_STRING_H 1
| #define HAVE_MEMORY_H 1
| #define HAVE_STRINGS_H 1
| #define HAVE_INTTYPES_H 1
| #define HAVE_STDINT_H 1
| #define HAVE_UNISTD_H 1
| #define HAVE_DLFCN_H 1
| #define LT_OBJDIR ".libs/"
| #define X86_64_SYSTEM 1
| #define HAVE_ALLOCA_H 1
| #define HAVE_STDIO_H 1
| #define HAVE_INTTYPES_H 1
| #define HAVE_STDINT_H 1
| #define HAVE_STDLIB_H 1
| #define HAVE_MATH_H 1
| #define HAVE_STRING_H 1
| #define HAVE_STDARG_H 1
| #define HAVE_MALLOC_H 1
| #define HAVE_FLOAT_H 1
| #define HAVE_TIME_H 1
| #define HAVE_SYS_TIME_H 1
| #define HAVE_LIMITS_H 1
| #define HAVE_STDDEF_H 1
| #define HAVE_GL_GL_H 1
| #define HAVE_GL_GLU_H 1
| #define HAVE_GL_GLEXT_H 1
| /* end confdefs.h.  */
| 
| 
| int
| main ()
| {
| return main ();
|   ;
|   return 0;
| }
configure:17420: result: no
configure:17426: checking for main in -lglu32
configure:17445: gcc -o conftest -g -O2   conftest.c -lglu32 -lopengl32  >&5
/usr/bin/ld: cannot find -lglu32
/usr/bin/ld: cannot find -lopengl32
collect2: error: ld returned 1 exit status
configure:17445: $? = 1
configure: failed program was:
| /* confdefs.h */
| #define PACKAGE_NAME "ODE"
| #define PACKAGE_TARNAME "ode"
| #define PACKAGE_VERSION "0.13"
| #define PACKAGE_STRING "ODE 0.13"
| #define PACKAGE_BUGREPORT "ode@ode.org"
| #define PACKAGE_URL ""
| #define PACKAGE "ode"
| #define VERSION "0.13"
| #define STDC_HEADERS 1
| #define HAVE_SYS_TYPES_H 1
| #define HAVE_SYS_STAT_H 1
| #define HAVE_STDLIB_H 1
| #define HAVE_STRING_H 1
| #define HAVE_MEMORY_H 1
| #define HAVE_STRINGS_H 1
| #define HAVE_INTTYPES_H 1
| #define HAVE_STDINT_H 1
| #define HAVE_UNISTD_H 1
| #define HAVE_DLFCN_H 1
| #define LT_OBJDIR ".libs/"
| #define X86_64_SYSTEM 1
| #define HAVE_ALLOCA_H 1
| #define HAVE_STDIO_H 1
| #define HAVE_INTTYPES_H 1
| #define HAVE_STDINT_H 1
| #define HAVE_STDLIB_H 1
| #define HAVE_MATH_H 1
| #define HAVE_STRING_H 1
| #define HAVE_STDARG_H 1
| #define HAVE_MALLOC_H 1
| #define HAVE_FLOAT_H 1
| #define HAVE_TIME_H 1
| #define HAVE_SYS_TIME_H 1
| #define HAVE_LIMITS_H 1
| #define HAVE_STDDEF_H 1
| #define HAVE_GL_GL_H 1
| #define HAVE_GL_GLU_H 1
| #define HAVE_GL_GLEXT_H 1
| /* end confdefs.h.  */
| 
| 
| int
| main ()
| {
| return main ();
|   ;
|   return 0;
| }
configure:17454: result: no
configure:17500: checking if demos should be built
configure:17516: result: no
configure:17521: checking for main in -lstdc++
configure:17540: gcc -o conftest -g -O2   conftest.c -lstdc++   >&5
configure:17540: $? = 0
configure:17549: result: yes
configure:17558: checking for main in -lpthread
configure:17577: gcc -o conftest -g -O2   conftest.c -lpthread   >&5
configure:17577: $? = 0
configure:17586: result: yes
configure:17620: checking for gprof
configure:17670: result: no
configure:17675: checking for stdbool.h that conforms to C99
configure:17742: gcc -c -g -O2  conftest.c >&5
configure:17742: $? = 0
configure:17749: result: yes
configure:17751: checking for _Bool
configure:17751: gcc -c -g -O2  conftest.c >&5
configure:17751: $? = 0
configure:17751: gcc -c -g -O2  conftest.c >&5
conftest.c: In function 'main':
conftest.c:77:20: error: expected expression before ')' token
 if (sizeof ((_Bool)))
                    ^
configure:17751: $? = 1
configure: failed program was:
| /* confdefs.h */
| #define PACKAGE_NAME "ODE"
| #define PACKAGE_TARNAME "ode"
| #define PACKAGE_VERSION "0.13"
| #define PACKAGE_STRING "ODE 0.13"
| #define PACKAGE_BUGREPORT "ode@ode.org"
| #define PACKAGE_URL ""
| #define PACKAGE "ode"
| #define VERSION "0.13"
| #define STDC_HEADERS 1
| #define HAVE_SYS_TYPES_H 1
| #define HAVE_SYS_STAT_H 1
| #define HAVE_STDLIB_H 1
| #define HAVE_STRING_H 1
| #define HAVE_MEMORY_H 1
| #define HAVE_STRINGS_H 1
| #define HAVE_INTTYPES_H 1
| #define HAVE_STDINT_H 1
| #define HAVE_UNISTD_H 1
| #define HAVE_DLFCN_H 1
| #define LT_OBJDIR ".libs/"
| #define X86_64_SYSTEM 1
| #define HAVE_ALLOCA_H 1
| #define HAVE_STDIO_H 1
| #define HAVE_INTTYPES_H 1
| #define HAVE_STDINT_H 1
| #define HAVE_STDLIB_H 1
| #define HAVE_MATH_H 1
| #define HAVE_STRING_H 1
| #define HAVE_STDARG_H 1
| #define HAVE_MALLOC_H 1
| #define HAVE_FLOAT_H 1
| #define HAVE_TIME_H 1
| #define HAVE_SYS_TIME_H 1
| #define HAVE_LIMITS_H 1
| #define HAVE_STDDEF_H 1
| #define HAVE_GL_GL_H 1
| #define HAVE_GL_GLU_H 1
| #define HAVE_GL_GLEXT_H 1
| /* end confdefs.h.  */
| #include <stdio.h>
| #ifdef HAVE_SYS_TYPES_H
| # include <sys/types.h>
| #endif
| #ifdef HAVE_SYS_STAT_H
| # include <sys/stat.h>
| #endif
| #ifdef STDC_HEADERS
| # include <stdlib.h>
| # include <stddef.h>
| #else
| # ifdef HAVE_STDLIB_H
| #  include <stdlib.h>
| # endif
| #endif
| #ifdef HAVE_STRING_H
| # if !defined STDC_HEADERS && defined HAVE_MEMORY_H
| #  include <memory.h>
| # endif
| # include <string.h>
| #endif
| #ifdef HAVE_STRINGS_H
| # include <strings.h>
| #endif
| #ifdef HAVE_INTTYPES_H
| # include <inttypes.h>
| #endif
| #ifdef HAVE_STDINT_H
| # include <stdint.h>
| #endif
| #ifdef HAVE_UNISTD_H
| # include <unistd.h>
| #endif
| int
| main ()
| {
| if (sizeof ((_Bool)))
| 	    return 0;
|   ;
|   return 0;
| }
configure:17751: result: yes
configure:17768: checking for inline
configure:17792: result: inline
configure:17810: checking for int32_t
configure:17810: gcc -c -g -O2  conftest.c >&5
configure:17810: $? = 0
configure:17810: gcc -c -g -O2  conftest.c >&5
conftest.c: In function 'main':
conftest.c:81:53: warning: integer overflow in expression [-Woverflow]
    < (int32_t) (((((int32_t) 1 << N) << N) - 1) * 2 + 2))];
                                                     ^
conftest.c:80:12: error: storage size of 'test_array' isn't constant
 static int test_array [1 - 2 * !((int32_t) (((((int32_t) 1 << N) << N) - 1) * 2 + 1)
            ^
configure:17810: $? = 1
configure: failed program was:
| /* confdefs.h */
| #define PACKAGE_NAME "ODE"
| #define PACKAGE_TARNAME "ode"
| #define PACKAGE_VERSION "0.13"
| #define PACKAGE_STRING "ODE 0.13"
| #define PACKAGE_BUGREPORT "ode@ode.org"
| #define PACKAGE_URL ""
| #define PACKAGE "ode"
| #define VERSION "0.13"
| #define STDC_HEADERS 1
| #define HAVE_SYS_TYPES_H 1
| #define HAVE_SYS_STAT_H 1
| #define HAVE_STDLIB_H 1
| #define HAVE_STRING_H 1
| #define HAVE_MEMORY_H 1
| #define HAVE_STRINGS_H 1
| #define HAVE_INTTYPES_H 1
| #define HAVE_STDINT_H 1
| #define HAVE_UNISTD_H 1
| #define HAVE_DLFCN_H 1
| #define LT_OBJDIR ".libs/"
| #define X86_64_SYSTEM 1
| #define HAVE_ALLOCA_H 1
| #define HAVE_STDIO_H 1
| #define HAVE_INTTYPES_H 1
| #define HAVE_STDINT_H 1
| #define HAVE_STDLIB_H 1
| #define HAVE_MATH_H 1
| #define HAVE_STRING_H 1
| #define HAVE_STDARG_H 1
| #define HAVE_MALLOC_H 1
| #define HAVE_FLOAT_H 1
| #define HAVE_TIME_H 1
| #define HAVE_SYS_TIME_H 1
| #define HAVE_LIMITS_H 1
| #define HAVE_STDDEF_H 1
| #define HAVE_GL_GL_H 1
| #define HAVE_GL_GLU_H 1
| #define HAVE_GL_GLEXT_H 1
| #define HAVE__BOOL 1
| #define HAVE_STDBOOL_H 1
| /* end confdefs.h.  */
| #include <stdio.h>
| #ifdef HAVE_SYS_TYPES_H
| # include <sys/types.h>
| #endif
| #ifdef HAVE_SYS_STAT_H
| # include <sys/stat.h>
| #endif
| #ifdef STDC_HEADERS
| # include <stdlib.h>
| # include <stddef.h>
| #else
| # ifdef HAVE_STDLIB_H
| #  include <stdlib.h>
| # endif
| #endif
| #ifdef HAVE_STRING_H
| # if !defined STDC_HEADERS && defined HAVE_MEMORY_H
| #  include <memory.h>
| # endif
| # include <string.h>
| #endif
| #ifdef HAVE_STRINGS_H
| # include <strings.h>
| #endif
| #ifdef HAVE_INTTYPES_H
| # include <inttypes.h>
| #endif
| #ifdef HAVE_STDINT_H
| # include <stdint.h>
| #endif
| #ifdef HAVE_UNISTD_H
| # include <unistd.h>
| #endif
| 	        enum { N = 32 / 2 - 1 };
| int
| main ()
| {
| static int test_array [1 - 2 * !((int32_t) (((((int32_t) 1 << N) << N) - 1) * 2 + 1)
| 		 < (int32_t) (((((int32_t) 1 << N) << N) - 1) * 2 + 2))];
| test_array [0] = 0;
| return test_array [0];
| 
|   ;
|   return 0;
| }
configure:17810: result: yes
configure:17821: checking for obstacks
configure:17842: gcc -o conftest -g -O2   conftest.c  -lpthread >&5
configure:17842: $? = 0
configure:17850: result: yes
configure:17865: checking for size_t
configure:17865: gcc -c -g -O2  conftest.c >&5
configure:17865: $? = 0
configure:17865: gcc -c -g -O2  conftest.c >&5
conftest.c: In function 'main':
conftest.c:80:21: error: expected expression before ')' token
 if (sizeof ((size_t)))
                     ^
configure:17865: $? = 1
configure: failed program was:
| /* confdefs.h */
| #define PACKAGE_NAME "ODE"
| #define PACKAGE_TARNAME "ode"
| #define PACKAGE_VERSION "0.13"
| #define PACKAGE_STRING "ODE 0.13"
| #define PACKAGE_BUGREPORT "ode@ode.org"
| #define PACKAGE_URL ""
| #define PACKAGE "ode"
| #define VERSION "0.13"
| #define STDC_HEADERS 1
| #define HAVE_SYS_TYPES_H 1
| #define HAVE_SYS_STAT_H 1
| #define HAVE_STDLIB_H 1
| #define HAVE_STRING_H 1
| #define HAVE_MEMORY_H 1
| #define HAVE_STRINGS_H 1
| #define HAVE_INTTYPES_H 1
| #define HAVE_STDINT_H 1
| #define HAVE_UNISTD_H 1
| #define HAVE_DLFCN_H 1
| #define LT_OBJDIR ".libs/"
| #define X86_64_SYSTEM 1
| #define HAVE_ALLOCA_H 1
| #define HAVE_STDIO_H 1
| #define HAVE_INTTYPES_H 1
| #define HAVE_STDINT_H 1
| #define HAVE_STDLIB_H 1
| #define HAVE_MATH_H 1
| #define HAVE_STRING_H 1
| #define HAVE_STDARG_H 1
| #define HAVE_MALLOC_H 1
| #define HAVE_FLOAT_H 1
| #define HAVE_TIME_H 1
| #define HAVE_SYS_TIME_H 1
| #define HAVE_LIMITS_H 1
| #define HAVE_STDDEF_H 1
| #define HAVE_GL_GL_H 1
| #define HAVE_GL_GLU_H 1
| #define HAVE_GL_GLEXT_H 1
| #define HAVE__BOOL 1
| #define HAVE_STDBOOL_H 1
| #define HAVE_OBSTACK 1
| /* end confdefs.h.  */
| #include <stdio.h>
| #ifdef HAVE_SYS_TYPES_H
| # include <sys/types.h>
| #endif
| #ifdef HAVE_SYS_STAT_H
| # include <sys/stat.h>
| #endif
| #ifdef STDC_HEADERS
| # include <stdlib.h>
| # include <stddef.h>
| #else
| # ifdef HAVE_STDLIB_H
| #  include <stdlib.h>
| # endif
| #endif
| #ifdef HAVE_STRING_H
| # if !defined STDC_HEADERS && defined HAVE_MEMORY_H
| #  include <memory.h>
| # endif
| # include <string.h>
| #endif
| #ifdef HAVE_STRINGS_H
| # include <strings.h>
| #endif
| #ifdef HAVE_INTTYPES_H
| # include <inttypes.h>
| #endif
| #ifdef HAVE_STDINT_H
| # include <stdint.h>
| #endif
| #ifdef HAVE_UNISTD_H
| # include <unistd.h>
| #endif
| int
| main ()
| {
| if (sizeof ((size_t)))
| 	    return 0;
|   ;
|   return 0;
| }
configure:17865: result: yes
configure:17876: checking for uint32_t
configure:17876: gcc -c -g -O2  conftest.c >&5
configure:17876: $? = 0
configure:17876: result: yes
configure:17891: checking for main in -lm
configure:17910: gcc -o conftest -g -O2   conftest.c -lm   -lpthread >&5
configure:17910: $? = 0
configure:17919: result: yes
configure:17930: checking for main in -lsunmath
configure:17949: gcc -o conftest -g -O2   conftest.c -lsunmath  -lm  -lpthread >&5
/usr/bin/ld: cannot find -lsunmath
collect2: error: ld returned 1 exit status
configure:17949: $? = 1
configure: failed program was:
| /* confdefs.h */
| #define PACKAGE_NAME "ODE"
| #define PACKAGE_TARNAME "ode"
| #define PACKAGE_VERSION "0.13"
| #define PACKAGE_STRING "ODE 0.13"
| #define PACKAGE_BUGREPORT "ode@ode.org"
| #define PACKAGE_URL ""
| #define PACKAGE "ode"
| #define VERSION "0.13"
| #define STDC_HEADERS 1
| #define HAVE_SYS_TYPES_H 1
| #define HAVE_SYS_STAT_H 1
| #define HAVE_STDLIB_H 1
| #define HAVE_STRING_H 1
| #define HAVE_MEMORY_H 1
| #define HAVE_STRINGS_H 1
| #define HAVE_INTTYPES_H 1
| #define HAVE_STDINT_H 1
| #define HAVE_UNISTD_H 1
| #define HAVE_DLFCN_H 1
| #define LT_OBJDIR ".libs/"
| #define X86_64_SYSTEM 1
| #define HAVE_ALLOCA_H 1
| #define HAVE_STDIO_H 1
| #define HAVE_INTTYPES_H 1
| #define HAVE_STDINT_H 1
| #define HAVE_STDLIB_H 1
| #define HAVE_MATH_H 1
| #define HAVE_STRING_H 1
| #define HAVE_STDARG_H 1
| #define HAVE_MALLOC_H 1
| #define HAVE_FLOAT_H 1
| #define HAVE_TIME_H 1
| #define HAVE_SYS_TIME_H 1
| #define HAVE_LIMITS_H 1
| #define HAVE_STDDEF_H 1
| #define HAVE_GL_GL_H 1
| #define HAVE_GL_GLU_H 1
| #define HAVE_GL_GLEXT_H 1
| #define HAVE__BOOL 1
| #define HAVE_STDBOOL_H 1
| #define HAVE_OBSTACK 1
| #define HAVE_LIBM 1
| /* end confdefs.h.  */
| 
| 
| int
| main ()
| {
| return main ();
|   ;
|   return 0;
| }
configure:17958: result: no
configure:17972: checking for floor
configure:17972: gcc -o conftest -g -O2   conftest.c -lm  -lpthread >&5
conftest.c:68:6: warning: conflicting types for built-in function 'floor'
 char floor ();
      ^
configure:17972: $? = 0
configure:17972: result: yes
configure:17972: checking for memmove
configure:17972: gcc -o conftest -g -O2   conftest.c -lm  -lpthread >&5
conftest.c:69:6: warning: conflicting types for built-in function 'memmove'
 char memmove ();
      ^
configure:17972: $? = 0
configure:17972: result: yes
configure:17972: checking for memset
configure:17972: gcc -o conftest -g -O2   conftest.c -lm  -lpthread >&5
conftest.c:70:6: warning: conflicting types for built-in function 'memset'
 char memset ();
      ^
configure:17972: $? = 0
configure:17972: result: yes
configure:17972: checking for sqrt
configure:17972: gcc -o conftest -g -O2   conftest.c -lm  -lpthread >&5
conftest.c:71:6: warning: conflicting types for built-in function 'sqrt'
 char sqrt ();
      ^
configure:17972: $? = 0
configure:17972: result: yes
configure:17972: checking for sqrtf
configure:17972: gcc -o conftest -g -O2   conftest.c -lm  -lpthread >&5
conftest.c:72:6: warning: conflicting types for built-in function 'sqrtf'
 char sqrtf ();
      ^
configure:17972: $? = 0
configure:17972: result: yes
configure:17972: checking for sinf
configure:17972: gcc -o conftest -g -O2   conftest.c -lm  -lpthread >&5
conftest.c:73:6: warning: conflicting types for built-in function 'sinf'
 char sinf ();
      ^
configure:17972: $? = 0
configure:17972: result: yes
configure:17972: checking for cosf
configure:17972: gcc -o conftest -g -O2   conftest.c -lm  -lpthread >&5
conftest.c:74:6: warning: conflicting types for built-in function 'cosf'
 char cosf ();
      ^
configure:17972: $? = 0
configure:17972: result: yes
configure:17972: checking for fabsf
configure:17972: gcc -o conftest -g -O2   conftest.c -lm  -lpthread >&5
conftest.c:75:6: warning: conflicting types for built-in function 'fabsf'
 char fabsf ();
      ^
configure:17972: $? = 0
configure:17972: result: yes
configure:17972: checking for atan2f
configure:17972: gcc -o conftest -g -O2   conftest.c -lm  -lpthread >&5
conftest.c:76:6: warning: conflicting types for built-in function 'atan2f'
 char atan2f ();
      ^
configure:17972: $? = 0
configure:17972: result: yes
configure:17972: checking for fmodf
configure:17972: gcc -o conftest -g -O2   conftest.c -lm  -lpthread >&5
conftest.c:77:6: warning: conflicting types for built-in function 'fmodf'
 char fmodf ();
      ^
configure:17972: $? = 0
configure:17972: result: yes
configure:17972: checking for copysignf
configure:17972: gcc -o conftest -g -O2   conftest.c -lm  -lpthread >&5
conftest.c:78:6: warning: conflicting types for built-in function 'copysignf'
 char copysignf ();
      ^
configure:17972: $? = 0
configure:17972: result: yes
configure:17972: checking for copysign
configure:17972: gcc -o conftest -g -O2   conftest.c -lm  -lpthread >&5
conftest.c:79:6: warning: conflicting types for built-in function 'copysign'
 char copysign ();
      ^
configure:17972: $? = 0
configure:17972: result: yes
configure:17972: checking for snprintf
configure:17972: gcc -o conftest -g -O2   conftest.c -lm  -lpthread >&5
conftest.c:80:6: warning: conflicting types for built-in function 'snprintf'
 char snprintf ();
      ^
configure:17972: $? = 0
configure:17972: result: yes
configure:17972: checking for vsnprintf
configure:17972: gcc -o conftest -g -O2   conftest.c -lm  -lpthread >&5
conftest.c:81:6: warning: conflicting types for built-in function 'vsnprintf'
 char vsnprintf ();
      ^
configure:17972: $? = 0
configure:17972: result: yes
configure:17972: checking for gettimeofday
configure:17972: gcc -o conftest -g -O2   conftest.c -lm  -lpthread >&5
configure:17972: $? = 0
configure:17972: result: yes
configure:17972: checking for isnan
configure:17972: gcc -o conftest -g -O2   conftest.c -lm  -lpthread >&5
conftest.c:83:6: warning: conflicting types for built-in function 'isnan'
 char isnan ();
      ^
configure:17972: $? = 0
configure:17972: result: yes
configure:17972: checking for isnanf
configure:17972: gcc -o conftest -g -O2   conftest.c -lm  -lpthread >&5
conftest.c:84:6: warning: conflicting types for built-in function 'isnanf'
 char isnanf ();
      ^
configure:17972: $? = 0
configure:17972: result: yes
configure:17972: checking for _isnan
configure:17972: gcc -o conftest -g -O2   conftest.c -lm  -lpthread >&5
/tmp/ccEfXaLo.o: In function `main':
/home/client1/桌面/robocup3D标准平台安装/robocup3D/robocup3D/ode-0.13/conftest.c:96: undefined reference to `_isnan'
collect2: error: ld returned 1 exit status
configure:17972: $? = 1
configure: failed program was:
| /* confdefs.h */
| #define PACKAGE_NAME "ODE"
| #define PACKAGE_TARNAME "ode"
| #define PACKAGE_VERSION "0.13"
| #define PACKAGE_STRING "ODE 0.13"
| #define PACKAGE_BUGREPORT "ode@ode.org"
| #define PACKAGE_URL ""
| #define PACKAGE "ode"
| #define VERSION "0.13"
| #define STDC_HEADERS 1
| #define HAVE_SYS_TYPES_H 1
| #define HAVE_SYS_STAT_H 1
| #define HAVE_STDLIB_H 1
| #define HAVE_STRING_H 1
| #define HAVE_MEMORY_H 1
| #define HAVE_STRINGS_H 1
| #define HAVE_INTTYPES_H 1
| #define HAVE_STDINT_H 1
| #define HAVE_UNISTD_H 1
| #define HAVE_DLFCN_H 1
| #define LT_OBJDIR ".libs/"
| #define X86_64_SYSTEM 1
| #define HAVE_ALLOCA_H 1
| #define HAVE_STDIO_H 1
| #define HAVE_INTTYPES_H 1
| #define HAVE_STDINT_H 1
| #define HAVE_STDLIB_H 1
| #define HAVE_MATH_H 1
| #define HAVE_STRING_H 1
| #define HAVE_STDARG_H 1
| #define HAVE_MALLOC_H 1
| #define HAVE_FLOAT_H 1
| #define HAVE_TIME_H 1
| #define HAVE_SYS_TIME_H 1
| #define HAVE_LIMITS_H 1
| #define HAVE_STDDEF_H 1
| #define HAVE_GL_GL_H 1
| #define HAVE_GL_GLU_H 1
| #define HAVE_GL_GLEXT_H 1
| #define HAVE__BOOL 1
| #define HAVE_STDBOOL_H 1
| #define HAVE_OBSTACK 1
| #define HAVE_LIBM 1
| #define HAVE_FLOOR 1
| #define HAVE_MEMMOVE 1
| #define HAVE_MEMSET 1
| #define HAVE_SQRT 1
| #define HAVE_SQRTF 1
| #define HAVE_SINF 1
| #define HAVE_COSF 1
| #define HAVE_FABSF 1
| #define HAVE_ATAN2F 1
| #define HAVE_FMODF 1
| #define HAVE_COPYSIGNF 1
| #define HAVE_COPYSIGN 1
| #define HAVE_SNPRINTF 1
| #define HAVE_VSNPRINTF 1
| #define HAVE_GETTIMEOFDAY 1
| #define HAVE_ISNAN 1
| #define HAVE_ISNANF 1
| /* end confdefs.h.  */
| /* Define _isnan to an innocuous variant, in case <limits.h> declares _isnan.
|    For example, HP-UX 11i <limits.h> declares gettimeofday.  */
| #define _isnan innocuous__isnan
| 
| /* System header to define __stub macros and hopefully few prototypes,
|     which can conflict with char _isnan (); below.
|     Prefer <limits.h> to <assert.h> if __STDC__ is defined, since
|     <limits.h> exists even on freestanding compilers.  */
| 
| #ifdef __STDC__
| # include <limits.h>
| #else
| # include <assert.h>
| #endif
| 
| #undef _isnan
| 
| /* Override any GCC internal prototype to avoid an error.
|    Use char because int might match the return type of a GCC
|    builtin and then its argument prototype would still apply.  */
| #ifdef __cplusplus
| extern "C"
| #endif
| char _isnan ();
| /* The GNU C library defines this for functions which it implements
|     to always fail with ENOSYS.  Some functions are actually named
|     something starting with __ and the normal name is an alias.  */
| #if defined __stub__isnan || defined __stub____isnan
| choke me
| #endif
| 
| int
| main ()
| {
| return _isnan ();
|   ;
|   return 0;
| }
configure:17972: result: no
configure:17972: checking for _isnanf
configure:17972: gcc -o conftest -g -O2   conftest.c -lm  -lpthread >&5
/tmp/ccgAL91w.o: In function `main':
/home/client1/桌面/robocup3D标准平台安装/robocup3D/robocup3D/ode-0.13/conftest.c:96: undefined reference to `_isnanf'
collect2: error: ld returned 1 exit status
configure:17972: $? = 1
configure: failed program was:
| /* confdefs.h */
| #define PACKAGE_NAME "ODE"
| #define PACKAGE_TARNAME "ode"
| #define PACKAGE_VERSION "0.13"
| #define PACKAGE_STRING "ODE 0.13"
| #define PACKAGE_BUGREPORT "ode@ode.org"
| #define PACKAGE_URL ""
| #define PACKAGE "ode"
| #define VERSION "0.13"
| #define STDC_HEADERS 1
| #define HAVE_SYS_TYPES_H 1
| #define HAVE_SYS_STAT_H 1
| #define HAVE_STDLIB_H 1
| #define HAVE_STRING_H 1
| #define HAVE_MEMORY_H 1
| #define HAVE_STRINGS_H 1
| #define HAVE_INTTYPES_H 1
| #define HAVE_STDINT_H 1
| #define HAVE_UNISTD_H 1
| #define HAVE_DLFCN_H 1
| #define LT_OBJDIR ".libs/"
| #define X86_64_SYSTEM 1
| #define HAVE_ALLOCA_H 1
| #define HAVE_STDIO_H 1
| #define HAVE_INTTYPES_H 1
| #define HAVE_STDINT_H 1
| #define HAVE_STDLIB_H 1
| #define HAVE_MATH_H 1
| #define HAVE_STRING_H 1
| #define HAVE_STDARG_H 1
| #define HAVE_MALLOC_H 1
| #define HAVE_FLOAT_H 1
| #define HAVE_TIME_H 1
| #define HAVE_SYS_TIME_H 1
| #define HAVE_LIMITS_H 1
| #define HAVE_STDDEF_H 1
| #define HAVE_GL_GL_H 1
| #define HAVE_GL_GLU_H 1
| #define HAVE_GL_GLEXT_H 1
| #define HAVE__BOOL 1
| #define HAVE_STDBOOL_H 1
| #define HAVE_OBSTACK 1
| #define HAVE_LIBM 1
| #define HAVE_FLOOR 1
| #define HAVE_MEMMOVE 1
| #define HAVE_MEMSET 1
| #define HAVE_SQRT 1
| #define HAVE_SQRTF 1
| #define HAVE_SINF 1
| #define HAVE_COSF 1
| #define HAVE_FABSF 1
| #define HAVE_ATAN2F 1
| #define HAVE_FMODF 1
| #define HAVE_COPYSIGNF 1
| #define HAVE_COPYSIGN 1
| #define HAVE_SNPRINTF 1
| #define HAVE_VSNPRINTF 1
| #define HAVE_GETTIMEOFDAY 1
| #define HAVE_ISNAN 1
| #define HAVE_ISNANF 1
| /* end confdefs.h.  */
| /* Define _isnanf to an innocuous variant, in case <limits.h> declares _isnanf.
|    For example, HP-UX 11i <limits.h> declares gettimeofday.  */
| #define _isnanf innocuous__isnanf
| 
| /* System header to define __stub macros and hopefully few prototypes,
|     which can conflict with char _isnanf (); below.
|     Prefer <limits.h> to <assert.h> if __STDC__ is defined, since
|     <limits.h> exists even on freestanding compilers.  */
| 
| #ifdef __STDC__
| # include <limits.h>
| #else
| # include <assert.h>
| #endif
| 
| #undef _isnanf
| 
| /* Override any GCC internal prototype to avoid an error.
|    Use char because int might match the return type of a GCC
|    builtin and then its argument prototype would still apply.  */
| #ifdef __cplusplus
| extern "C"
| #endif
| char _isnanf ();
| /* The GNU C library defines this for functions which it implements
|     to always fail with ENOSYS.  Some functions are actually named
|     something starting with __ and the normal name is an alias.  */
| #if defined __stub__isnanf || defined __stub____isnanf
| choke me
| #endif
| 
| int
| main ()
| {
| return _isnanf ();
|   ;
|   return 0;
| }
configure:17972: result: no
configure:17972: checking for __isnan
configure:17972: gcc -o conftest -g -O2   conftest.c -lm  -lpthread >&5
configure:17972: $? = 0
configure:17972: result: yes
configure:17972: checking for __isnanf
configure:17972: gcc -o conftest -g -O2   conftest.c -lm  -lpthread >&5
configure:17972: $? = 0
configure:17972: result: yes
configure:17972: checking for strchr
configure:17972: gcc -o conftest -g -O2   conftest.c -lm  -lpthread >&5
conftest.c:87:6: warning: conflicting types for built-in function 'strchr'
 char strchr ();
      ^
configure:17972: $? = 0
configure:17972: result: yes
configure:17972: checking for strstr
configure:17972: gcc -o conftest -g -O2   conftest.c -lm  -lpthread >&5
conftest.c:88:6: warning: conflicting types for built-in function 'strstr'
 char strstr ();
      ^
configure:17972: $? = 0
configure:17972: result: yes
configure:17972: checking for pthread_attr_setstacklazy
configure:17972: gcc -o conftest -g -O2   conftest.c -lm  -lpthread >&5
/tmp/cceMHmkO.o: In function `main':
/home/client1/桌面/robocup3D标准平台安装/robocup3D/robocup3D/ode-0.13/conftest.c:100: undefined reference to `pthread_attr_setstacklazy'
collect2: error: ld returned 1 exit status
configure:17972: $? = 1
configure: failed program was:
| /* confdefs.h */
| #define PACKAGE_NAME "ODE"
| #define PACKAGE_TARNAME "ode"
| #define PACKAGE_VERSION "0.13"
| #define PACKAGE_STRING "ODE 0.13"
| #define PACKAGE_BUGREPORT "ode@ode.org"
| #define PACKAGE_URL ""
| #define PACKAGE "ode"
| #define VERSION "0.13"
| #define STDC_HEADERS 1
| #define HAVE_SYS_TYPES_H 1
| #define HAVE_SYS_STAT_H 1
| #define HAVE_STDLIB_H 1
| #define HAVE_STRING_H 1
| #define HAVE_MEMORY_H 1
| #define HAVE_STRINGS_H 1
| #define HAVE_INTTYPES_H 1
| #define HAVE_STDINT_H 1
| #define HAVE_UNISTD_H 1
| #define HAVE_DLFCN_H 1
| #define LT_OBJDIR ".libs/"
| #define X86_64_SYSTEM 1
| #define HAVE_ALLOCA_H 1
| #define HAVE_STDIO_H 1
| #define HAVE_INTTYPES_H 1
| #define HAVE_STDINT_H 1
| #define HAVE_STDLIB_H 1
| #define HAVE_MATH_H 1
| #define HAVE_STRING_H 1
| #define HAVE_STDARG_H 1
| #define HAVE_MALLOC_H 1
| #define HAVE_FLOAT_H 1
| #define HAVE_TIME_H 1
| #define HAVE_SYS_TIME_H 1
| #define HAVE_LIMITS_H 1
| #define HAVE_STDDEF_H 1
| #define HAVE_GL_GL_H 1
| #define HAVE_GL_GLU_H 1
| #define HAVE_GL_GLEXT_H 1
| #define HAVE__BOOL 1
| #define HAVE_STDBOOL_H 1
| #define HAVE_OBSTACK 1
| #define HAVE_LIBM 1
| #define HAVE_FLOOR 1
| #define HAVE_MEMMOVE 1
| #define HAVE_MEMSET 1
| #define HAVE_SQRT 1
| #define HAVE_SQRTF 1
| #define HAVE_SINF 1
| #define HAVE_COSF 1
| #define HAVE_FABSF 1
| #define HAVE_ATAN2F 1
| #define HAVE_FMODF 1
| #define HAVE_COPYSIGNF 1
| #define HAVE_COPYSIGN 1
| #define HAVE_SNPRINTF 1
| #define HAVE_VSNPRINTF 1
| #define HAVE_GETTIMEOFDAY 1
| #define HAVE_ISNAN 1
| #define HAVE_ISNANF 1
| #define HAVE___ISNAN 1
| #define HAVE___ISNANF 1
| #define HAVE_STRCHR 1
| #define HAVE_STRSTR 1
| /* end confdefs.h.  */
| /* Define pthread_attr_setstacklazy to an innocuous variant, in case <limits.h> declares pthread_attr_setstacklazy.
|    For example, HP-UX 11i <limits.h> declares gettimeofday.  */
| #define pthread_attr_setstacklazy innocuous_pthread_attr_setstacklazy
| 
| /* System header to define __stub macros and hopefully few prototypes,
|     which can conflict with char pthread_attr_setstacklazy (); below.
|     Prefer <limits.h> to <assert.h> if __STDC__ is defined, since
|     <limits.h> exists even on freestanding compilers.  */
| 
| #ifdef __STDC__
| # include <limits.h>
| #else
| # include <assert.h>
| #endif
| 
| #undef pthread_attr_setstacklazy
| 
| /* Override any GCC internal prototype to avoid an error.
|    Use char because int might match the return type of a GCC
|    builtin and then its argument prototype would still apply.  */
| #ifdef __cplusplus
| extern "C"
| #endif
| char pthread_attr_setstacklazy ();
| /* The GNU C library defines this for functions which it implements
|     to always fail with ENOSYS.  Some functions are actually named
|     something starting with __ and the normal name is an alias.  */
| #if defined __stub_pthread_attr_setstacklazy || defined __stub___pthread_attr_setstacklazy
| choke me
| #endif
| 
| int
| main ()
| {
| return pthread_attr_setstacklazy ();
|   ;
|   return 0;
| }
configure:17972: result: no
configure:17983: checking for working alloca.h
configure:18000: gcc -o conftest -g -O2   conftest.c -lm  -lpthread >&5
configure:18000: $? = 0
configure:18008: result: yes
configure:18016: checking for alloca
configure:18053: gcc -o conftest -g -O2   conftest.c -lm  -lpthread >&5
configure:18053: $? = 0
configure:18061: result: yes
configure:18607: checking that generated files are newer than configure
configure:18613: result: done
configure:18717: creating ./config.status

## ---------------------- ##
## Running config.status. ##
## ---------------------- ##

This file was extended by ODE config.status 0.13, which was
generated by GNU Autoconf 2.69.  Invocation command line was

  CONFIG_FILES    = 
  CONFIG_HEADERS  = 
  CONFIG_LINKS    = 
  CONFIG_COMMANDS = 
  $ ./config.status 

on client1

config.status:1276: creating Makefile
config.status:1276: creating drawstuff/Makefile
config.status:1276: creating drawstuff/src/Makefile
config.status:1276: creating drawstuff/dstest/Makefile
config.status:1276: creating include/Makefile
config.status:1276: creating include/drawstuff/Makefile
config.status:1276: creating include/ode/Makefile
config.status:1276: creating include/ode/precision.h
config.status:1276: creating ode/Makefile
config.status:1276: creating ode/src/Makefile
config.status:1276: creating ode/src/joints/Makefile
config.status:1276: creating ode/demo/Makefile
config.status:1276: creating OPCODE/Makefile
config.status:1276: creating OPCODE/Ice/Makefile
config.status:1276: creating GIMPACT/Makefile
config.status:1276: creating GIMPACT/include/Makefile
config.status:1276: creating GIMPACT/include/GIMPACT/Makefile
config.status:1276: creating GIMPACT/src/Makefile
config.status:1276: creating tests/Makefile
config.status:1276: creating tests/joints/Makefile
config.status:1276: creating tests/UnitTest++/Makefile
config.status:1276: creating tests/UnitTest++/src/Makefile
config.status:1276: creating tests/UnitTest++/src/Posix/Makefile
config.status:1276: creating tests/UnitTest++/src/Win32/Makefile
config.status:1276: creating ode-config
config.status:1276: creating ode.pc
config.status:1276: creating ode/src/config.h
config.status:1505: executing depfiles commands
config.status:1505: executing libtool commands
configure:21222: === configuring in ou (/home/client1/桌面/robocup3D标准平台安装/robocup3D/robocup3D/ode-0.13/ou)
configure:21285: running /bin/bash ./configure --disable-option-checking '--prefix=/usr/local'  '--enable-shared' '--disable-demos' '--enable-double-precision' '--disable-asserts' '--enable-molloc' --cache-file=/dev/null --srcdir=.
configure:21222: === configuring in libccd (/home/client1/桌面/robocup3D标准平台安装/robocup3D/robocup3D/ode-0.13/libccd)
configure:21285: running /bin/bash ./configure --disable-option-checking '--prefix=/usr/local'  '--enable-shared' '--disable-demos' '--enable-double-precision' '--disable-asserts' '--enable-molloc' --cache-file=/dev/null --srcdir=.

## ---------------- ##
## Cache variables. ##
## ---------------- ##

ac_cv_build=x86_64-pc-linux-gnu
ac_cv_c_bigendian=no
ac_cv_c_compiler_gnu=yes
ac_cv_c_inline=inline
ac_cv_c_int32_t=yes
ac_cv_c_uint32_t=yes
ac_cv_c_volatile=yes
ac_cv_cxx_compiler_gnu=yes
ac_cv_env_CCC_set=
ac_cv_env_CCC_value=
ac_cv_env_CC_set=
ac_cv_env_CC_value=
ac_cv_env_CFLAGS_set=
ac_cv_env_CFLAGS_value=
ac_cv_env_CPPFLAGS_set=
ac_cv_env_CPPFLAGS_value=
ac_cv_env_CPP_set=
ac_cv_env_CPP_value=
ac_cv_env_CXXCPP_set=
ac_cv_env_CXXCPP_value=
ac_cv_env_CXXFLAGS_set=
ac_cv_env_CXXFLAGS_value=
ac_cv_env_CXX_set=
ac_cv_env_CXX_value=
ac_cv_env_LDFLAGS_set=
ac_cv_env_LDFLAGS_value=
ac_cv_env_LIBS_set=
ac_cv_env_LIBS_value=
ac_cv_env_LT_SYS_LIBRARY_PATH_set=
ac_cv_env_LT_SYS_LIBRARY_PATH_value=
ac_cv_env_PKG_CONFIG_LIBDIR_set=
ac_cv_env_PKG_CONFIG_LIBDIR_value=
ac_cv_env_PKG_CONFIG_PATH_set=
ac_cv_env_PKG_CONFIG_PATH_value=
ac_cv_env_PKG_CONFIG_set=
ac_cv_env_PKG_CONFIG_value=
ac_cv_env_X11_CFLAGS_set=
ac_cv_env_X11_CFLAGS_value=
ac_cv_env_X11_LIBS_set=
ac_cv_env_X11_LIBS_value=
ac_cv_env_build_alias_set=
ac_cv_env_build_alias_value=
ac_cv_env_host_alias_set=
ac_cv_env_host_alias_value=
ac_cv_env_target_alias_set=
ac_cv_env_target_alias_value=
ac_cv_func___isnan=yes
ac_cv_func___isnanf=yes
ac_cv_func__isnan=no
ac_cv_func__isnanf=no
ac_cv_func_alloca_works=yes
ac_cv_func_atan2f=yes
ac_cv_func_copysign=yes
ac_cv_func_copysignf=yes
ac_cv_func_cosf=yes
ac_cv_func_fabsf=yes
ac_cv_func_floor=yes
ac_cv_func_fmodf=yes
ac_cv_func_gettimeofday=yes
ac_cv_func_isnan=yes
ac_cv_func_isnanf=yes
ac_cv_func_memmove=yes
ac_cv_func_memset=yes
ac_cv_func_obstack=yes
ac_cv_func_pthread_attr_setstacklazy=no
ac_cv_func_sinf=yes
ac_cv_func_snprintf=yes
ac_cv_func_sqrt=yes
ac_cv_func_sqrtf=yes
ac_cv_func_strchr=yes
ac_cv_func_strstr=yes
ac_cv_func_vsnprintf=yes
ac_cv_header_GL_gl_h=yes
ac_cv_header_GL_glext_h=yes
ac_cv_header_GL_glu_h=yes
ac_cv_header_alloca_h=yes
ac_cv_header_dlfcn_h=yes
ac_cv_header_float_h=yes
ac_cv_header_inttypes_h=yes
ac_cv_header_limits_h=yes
ac_cv_header_malloc_h=yes
ac_cv_header_math_h=yes
ac_cv_header_memory_h=yes
ac_cv_header_stdarg_h=yes
ac_cv_header_stdbool_h=yes
ac_cv_header_stdc=yes
ac_cv_header_stddef_h=yes
ac_cv_header_stdint_h=yes
ac_cv_header_stdio_h=yes
ac_cv_header_stdlib_h=yes
ac_cv_header_string_h=yes
ac_cv_header_strings_h=yes
ac_cv_header_sys_stat_h=yes
ac_cv_header_sys_time_h=yes
ac_cv_header_sys_types_h=yes
ac_cv_header_time_h=yes
ac_cv_header_unistd_h=yes
ac_cv_host=x86_64-pc-linux-gnu
ac_cv_lib_GLU_main=yes
ac_cv_lib_GL_main=yes
ac_cv_lib_glu32_main=no
ac_cv_lib_m_main=yes
ac_cv_lib_opengl32_main=no
ac_cv_lib_pthread_main=yes
ac_cv_lib_stdcpp_main=yes
ac_cv_lib_sunmath_main=no
ac_cv_objext=o
ac_cv_path_EGREP='/bin/grep -E'
ac_cv_path_FGREP='/bin/grep -F'
ac_cv_path_GREP=/bin/grep
ac_cv_path_SED=/bin/sed
ac_cv_path_ac_pt_PKG_CONFIG=/usr/bin/pkg-config
ac_cv_path_install='/usr/bin/install -c'
ac_cv_path_lt_DD=/bin/dd
ac_cv_path_mkdir=/bin/mkdir
ac_cv_prog_AWK=mawk
ac_cv_prog_CPP='gcc -E'
ac_cv_prog_CXXCPP='g++ -E'
ac_cv_prog_ac_ct_AR=ar
ac_cv_prog_ac_ct_CC=gcc
ac_cv_prog_ac_ct_CXX=g++
ac_cv_prog_ac_ct_MANIFEST_TOOL=mt
ac_cv_prog_ac_ct_OBJDUMP=objdump
ac_cv_prog_ac_ct_RANLIB=ranlib
ac_cv_prog_ac_ct_STRIP=strip
ac_cv_prog_cc_c89=
ac_cv_prog_cc_g=yes
ac_cv_prog_cxx_g=yes
ac_cv_prog_make_make_set=yes
ac_cv_type__Bool=yes
ac_cv_type_size_t=yes
ac_cv_working_alloca_h=yes
am_cv_CC_dependencies_compiler_type=gcc3
am_cv_CXX_dependencies_compiler_type=gcc3
am_cv_make_support_nested_variables=yes
am_cv_prog_cc_c_o=yes
lt_cv_ar_at_file=@
lt_cv_archive_cmds_need_lc=no
lt_cv_deplibs_check_method=pass_all
lt_cv_file_magic_cmd='$MAGIC_CMD'
lt_cv_file_magic_test_file=
lt_cv_ld_reload_flag=-r
lt_cv_nm_interface='BSD nm'
lt_cv_objdir=.libs
lt_cv_path_LD=/usr/bin/ld
lt_cv_path_LDCXX='/usr/bin/ld -m elf_x86_64'
lt_cv_path_NM='/usr/bin/nm -B'
lt_cv_path_mainfest_tool=no
lt_cv_prog_compiler_c_o=yes
lt_cv_prog_compiler_c_o_CXX=yes
lt_cv_prog_compiler_pic='-fPIC -DPIC'
lt_cv_prog_compiler_pic_CXX='-fPIC -DPIC'
lt_cv_prog_compiler_pic_works=yes
lt_cv_prog_compiler_pic_works_CXX=yes
lt_cv_prog_compiler_rtti_exceptions=no
lt_cv_prog_compiler_static_works=yes
lt_cv_prog_compiler_static_works_CXX=yes
lt_cv_prog_gnu_ld=yes
lt_cv_prog_gnu_ldcxx=yes
lt_cv_sharedlib_from_linklib_cmd='printf %s\n'
lt_cv_shlibpath_overrides_runpath=no
lt_cv_sys_global_symbol_pipe='sed -n -e '\''s/^.*[	 ]\([ABCDGIRSTW][ABCDGIRSTW]*\)[	 ][	 ]*\([_A-Za-z][_A-Za-z0-9]*\)$/\1 \2 \2/p'\'' | sed '\''/ __gnu_lto/d'\'''
lt_cv_sys_global_symbol_to_c_name_address='sed -n -e '\''s/^: \(.*\) .*$/  {"\1", (void *) 0},/p'\'' -e '\''s/^[ABCDGIRSTW][ABCDGIRSTW]* .* \(.*\)$/  {"\1", (void *) \&\1},/p'\'''
lt_cv_sys_global_symbol_to_c_name_address_lib_prefix='sed -n -e '\''s/^: \(.*\) .*$/  {"\1", (void *) 0},/p'\'' -e '\''s/^[ABCDGIRSTW][ABCDGIRSTW]* .* \(lib.*\)$/  {"\1", (void *) \&\1},/p'\'' -e '\''s/^[ABCDGIRSTW][ABCDGIRSTW]* .* \(.*\)$/  {"lib\1", (void *) \&\1},/p'\'''
lt_cv_sys_global_symbol_to_cdecl='sed -n -e '\''s/^T .* \(.*\)$/extern int \1();/p'\'' -e '\''s/^[ABCDGIRSTW][ABCDGIRSTW]* .* \(.*\)$/extern char \1;/p'\'''
lt_cv_sys_global_symbol_to_import=
lt_cv_sys_max_cmd_len=1572864
lt_cv_to_host_file_cmd=func_convert_file_noop
lt_cv_to_tool_file_cmd=func_convert_file_noop
lt_cv_truncate_bin='/bin/dd bs=4096 count=1'
pkg_cv_X11_CFLAGS=
pkg_cv_X11_LIBS=-lX11

## ----------------- ##
## Output variables. ##
## ----------------- ##

ACLOCAL='${SHELL} /home/client1/桌面/robocup3D标准平台安装/robocup3D/robocup3D/ode-0.13/missing aclocal-1.15'
ALLOCA=''
AMDEPBACKSLASH='\'
AMDEP_FALSE='#'
AMDEP_TRUE=''
AMTAR='$${TAR-tar}'
AM_BACKSLASH='\'
AM_DEFAULT_V='$(AM_DEFAULT_VERBOSITY)'
AM_DEFAULT_VERBOSITY='1'
AM_V='$(V)'
AR='ar'
AS='as'
AUTOCONF='${SHELL} /home/client1/桌面/robocup3D标准平台安装/robocup3D/robocup3D/ode-0.13/missing autoconf'
AUTOHEADER='${SHELL} /home/client1/桌面/robocup3D标准平台安装/robocup3D/robocup3D/ode-0.13/missing autoheader'
AUTOMAKE='${SHELL} /home/client1/桌面/robocup3D标准平台安装/robocup3D/robocup3D/ode-0.13/missing automake-1.15'
AWK='mawk'
CC='gcc'
CCDEPMODE='depmode=gcc3'
CFLAGS='-g -O2'
CPP='gcc -E'
CPPFLAGS=' -DdNODEBUG -DNDEBUG'
CXX='g++'
CXXCPP='g++ -E'
CXXDEPMODE='depmode=gcc3'
CXXFLAGS='-g -O2'
CYGPATH_W='echo'
DEFS='-DHAVE_CONFIG_H'
DEPDIR='.deps'
DLLTOOL='false'
DSYMUTIL=''
DUMPBIN=''
ECHO_C=''
ECHO_N='-n'
ECHO_T=''
EGREP='/bin/grep -E'
ENABLE_DEMOS_FALSE=''
ENABLE_DEMOS_TRUE='#'
ENABLE_DRAWSTUFF_FALSE='#'
ENABLE_DRAWSTUFF_TRUE=''
ENABLE_OU_FALSE='#'
ENABLE_OU_TRUE=''
EXEEXT=''
EXTRA_LIBTOOL_LDFLAGS=''
FGREP='/bin/grep -F'
GIMPACT_FALSE=''
GIMPACT_TRUE='#'
GL_LIBS='-lGLU -lGL'
GREP='/bin/grep'
INSTALL_DATA='${INSTALL} -m 644'
INSTALL_PROGRAM='${INSTALL}'
INSTALL_SCRIPT='${INSTALL}'
INSTALL_STRIP_PROGRAM='$(install_sh) -c -s'
LD='/usr/bin/ld -m elf_x86_64'
LDFLAGS=''
LIBCCD_BOX_CYL_FALSE=''
LIBCCD_BOX_CYL_TRUE='#'
LIBCCD_CAP_CYL_FALSE=''
LIBCCD_CAP_CYL_TRUE='#'
LIBCCD_CONVEX_BOX_FALSE=''
LIBCCD_CONVEX_BOX_TRUE='#'
LIBCCD_CONVEX_CAP_FALSE=''
LIBCCD_CONVEX_CAP_TRUE='#'
LIBCCD_CONVEX_CONVEX_FALSE=''
LIBCCD_CONVEX_CONVEX_TRUE='#'
LIBCCD_CONVEX_CYL_FALSE=''
LIBCCD_CONVEX_CYL_TRUE='#'
LIBCCD_CONVEX_SPHERE_FALSE=''
LIBCCD_CONVEX_SPHERE_TRUE='#'
LIBCCD_CYL_CYL_FALSE=''
LIBCCD_CYL_CYL_TRUE='#'
LIBCCD_FALSE=''
LIBCCD_TRUE='#'
LIBOBJS=''
LIBS='-lm  -lpthread'
LIBSTDCXX='-lstdc++'
LIBTOOL='$(SHELL) $(top_builddir)/libtool'
LIPO=''
LN_S='ln -s'
LTLIBOBJS=''
LT_SYS_LIBRARY_PATH=''
MAKEINFO='${SHELL} /home/client1/桌面/robocup3D标准平台安装/robocup3D/robocup3D/ode-0.13/missing makeinfo'
MANIFEST_TOOL=':'
MKDIR_P='/bin/mkdir -p'
NM='/usr/bin/nm -B'
NMEDIT=''
OBJDUMP='objdump'
OBJEXT='o'
ODE_PRECISION='dDOUBLE'
ODE_VERSION='0.13'
ODE_VERSION_INFO='-version-info 4:0:1'
OPCODE_FALSE='#'
OPCODE_TRUE=''
OSX_FALSE=''
OSX_TRUE='#'
OTOOL64=''
OTOOL=''
PACKAGE='ode'
PACKAGE_BUGREPORT='ode@ode.org'
PACKAGE_NAME='ODE'
PACKAGE_STRING='ODE 0.13'
PACKAGE_TARNAME='ode'
PACKAGE_URL=''
PACKAGE_VERSION='0.13'
PATH_SEPARATOR=':'
PKG_CONFIG='/usr/bin/pkg-config'
PKG_CONFIG_LIBDIR=''
PKG_CONFIG_PATH=''
RANLIB='ranlib'
SED='/bin/sed'
SET_MAKE=''
SHELL='/bin/bash'
STRIP='strip'
TRIMESH_FALSE='#'
TRIMESH_TRUE=''
VERSION='0.13'
WIN32_FALSE=''
WIN32_TRUE='#'
WINDRES=''
X11_CFLAGS=''
X11_FALSE='#'
X11_LIBS='-lX11'
X11_TRUE=''
X86_64_SYSTEM_FALSE='#'
X86_64_SYSTEM_TRUE=''
ac_ct_AR='ar'
ac_ct_CC='gcc'
ac_ct_CXX='g++'
ac_ct_DUMPBIN=''
ac_ct_WINDRES=''
am__EXEEXT_FALSE=''
am__EXEEXT_TRUE='#'
am__fastdepCC_FALSE='#'
am__fastdepCC_TRUE=''
am__fastdepCXX_FALSE='#'
am__fastdepCXX_TRUE=''
am__include='include'
am__isrc=''
am__leading_dot='.'
am__nodep='_no'
am__quote=''
am__tar='$${TAR-tar} chof - "$$tardir"'
am__untar='$${TAR-tar} xf -'
bindir='${exec_prefix}/bin'
build='x86_64-pc-linux-gnu'
build_alias=''
build_cpu='x86_64'
build_os='linux-gnu'
build_vendor='pc'
datadir='${datarootdir}'
datarootdir='${prefix}/share'
docdir='${datarootdir}/doc/${PACKAGE_TARNAME}'
dvidir='${docdir}'
exec_prefix='${prefix}'
host='x86_64-pc-linux-gnu'
host_alias=''
host_cpu='x86_64'
host_os='linux-gnu'
host_vendor='pc'
htmldir='${docdir}'
includedir='${prefix}/include'
infodir='${datarootdir}/info'
install_sh='${SHELL} /home/client1/桌面/robocup3D标准平台安装/robocup3D/robocup3D/ode-0.13/install-sh'
libdir='${exec_prefix}/lib'
libexecdir='${exec_prefix}/libexec'
localedir='${datarootdir}/locale'
localstatedir='${prefix}/var'
mandir='${datarootdir}/man'
mkdir_p='$(MKDIR_P)'
oldincludedir='/usr/include'
pdfdir='${docdir}'
prefix='/usr/local'
program_transform_name='s,x,x,'
psdir='${docdir}'
runstatedir='${localstatedir}/run'
sbindir='${exec_prefix}/sbin'
sharedstatedir='${prefix}/com'
subdirs=' ou libccd'
sysconfdir='${prefix}/etc'
target_alias=''

## ----------- ##
## confdefs.h. ##
## ----------- ##

/* confdefs.h */
#define PACKAGE_NAME "ODE"
#define PACKAGE_TARNAME "ode"
#define PACKAGE_VERSION "0.13"
#define PACKAGE_STRING "ODE 0.13"
#define PACKAGE_BUGREPORT "ode@ode.org"
#define PACKAGE_URL ""
#define PACKAGE "ode"
#define VERSION "0.13"
#define STDC_HEADERS 1
#define HAVE_SYS_TYPES_H 1
#define HAVE_SYS_STAT_H 1
#define HAVE_STDLIB_H 1
#define HAVE_STRING_H 1
#define HAVE_MEMORY_H 1
#define HAVE_STRINGS_H 1
#define HAVE_INTTYPES_H 1
#define HAVE_STDINT_H 1
#define HAVE_UNISTD_H 1
#define HAVE_DLFCN_H 1
#define LT_OBJDIR ".libs/"
#define X86_64_SYSTEM 1
#define HAVE_ALLOCA_H 1
#define HAVE_STDIO_H 1
#define HAVE_INTTYPES_H 1
#define HAVE_STDINT_H 1
#define HAVE_STDLIB_H 1
#define HAVE_MATH_H 1
#define HAVE_STRING_H 1
#define HAVE_STDARG_H 1
#define HAVE_MALLOC_H 1
#define HAVE_FLOAT_H 1
#define HAVE_TIME_H 1
#define HAVE_SYS_TIME_H 1
#define HAVE_LIMITS_H 1
#define HAVE_STDDEF_H 1
#define HAVE_GL_GL_H 1
#define HAVE_GL_GLU_H 1
#define HAVE_GL_GLEXT_H 1
#define HAVE__BOOL 1
#define HAVE_STDBOOL_H 1
#define HAVE_OBSTACK 1
#define HAVE_LIBM 1
#define HAVE_FLOOR 1
#define HAVE_MEMMOVE 1
#define HAVE_MEMSET 1
#define HAVE_SQRT 1
#define HAVE_SQRTF 1
#define HAVE_SINF 1
#define HAVE_COSF 1
#define HAVE_FABSF 1
#define HAVE_ATAN2F 1
#define HAVE_FMODF 1
#define HAVE_COPYSIGNF 1
#define HAVE_COPYSIGN 1
#define HAVE_SNPRINTF 1
#define HAVE_VSNPRINTF 1
#define HAVE_GETTIMEOFDAY 1
#define HAVE_ISNAN 1
#define HAVE_ISNANF 1
#define HAVE___ISNAN 1
#define HAVE___ISNANF 1
#define HAVE_STRCHR 1
#define HAVE_STRSTR 1
#define HAVE_ALLOCA_H 1
#define HAVE_ALLOCA 1
#define _OU_NAMESPACE odeou
#define dOU_ENABLED 1
#define dATOMICS_ENABLED 1
#define _OU_TARGET_OS _OU_TARGET_OS_GENUNIX

configure: exit 0
