Determining if the pthread_create exist failed with the following output:
Change Dir: /home/client1/桌面/robocup3D标准平台安装/robocup3D/robocup3D/rcssserver3d-0.6.10/build/CMakeFiles/CMakeTmp

Run Build Command:"/usr/bin/make" "cmTC_9836b/fast"
/usr/bin/make -f CMakeFiles/cmTC_9836b.dir/build.make CMakeFiles/cmTC_9836b.dir/build
make[1]: Entering directory '/home/client1/桌面/robocup3D标准平台安装/robocup3D/robocup3D/rcssserver3d-0.6.10/build/CMakeFiles/CMakeTmp'
Building C object CMakeFiles/cmTC_9836b.dir/CheckSymbolExists.c.o
/usr/bin/cc     -o CMakeFiles/cmTC_9836b.dir/CheckSymbolExists.c.o   -c /home/client1/桌面/robocup3D标准平台安装/robocup3D/robocup3D/rcssserver3d-0.6.10/build/CMakeFiles/CMakeTmp/CheckSymbolExists.c
Linking C executable cmTC_9836b
/usr/bin/cmake -E cmake_link_script CMakeFiles/cmTC_9836b.dir/link.txt --verbose=1
/usr/bin/cc       CMakeFiles/cmTC_9836b.dir/CheckSymbolExists.c.o  -o cmTC_9836b -rdynamic 
CMakeFiles/cmTC_9836b.dir/CheckSymbolExists.c.o：在函数‘main’中：
CheckSymbolExists.c:(.text+0x16)：对‘pthread_create’未定义的引用
collect2: error: ld returned 1 exit status
CMakeFiles/cmTC_9836b.dir/build.make:97: recipe for target 'cmTC_9836b' failed
make[1]: *** [cmTC_9836b] Error 1
make[1]: Leaving directory '/home/client1/桌面/robocup3D标准平台安装/robocup3D/robocup3D/rcssserver3d-0.6.10/build/CMakeFiles/CMakeTmp'
Makefile:126: recipe for target 'cmTC_9836b/fast' failed
make: *** [cmTC_9836b/fast] Error 2

File /home/client1/桌面/robocup3D标准平台安装/robocup3D/robocup3D/rcssserver3d-0.6.10/build/CMakeFiles/CMakeTmp/CheckSymbolExists.c:
/* */
#include <pthread.h>

int main(int argc, char** argv)
{
  (void)argv;
#ifndef pthread_create
  return ((int*)(&pthread_create))[argc];
#else
  (void)argc;
  return 0;
#endif
}

Determining if the function pthread_create exists in the pthreads failed with the following output:
Change Dir: /home/client1/桌面/robocup3D标准平台安装/robocup3D/robocup3D/rcssserver3d-0.6.10/build/CMakeFiles/CMakeTmp

Run Build Command:"/usr/bin/make" "cmTC_8e16c/fast"
/usr/bin/make -f CMakeFiles/cmTC_8e16c.dir/build.make CMakeFiles/cmTC_8e16c.dir/build
make[1]: Entering directory '/home/client1/桌面/robocup3D标准平台安装/robocup3D/robocup3D/rcssserver3d-0.6.10/build/CMakeFiles/CMakeTmp'
Building C object CMakeFiles/cmTC_8e16c.dir/CheckFunctionExists.c.o
/usr/bin/cc    -DCHECK_FUNCTION_EXISTS=pthread_create   -o CMakeFiles/cmTC_8e16c.dir/CheckFunctionExists.c.o   -c /usr/share/cmake-3.5/Modules/CheckFunctionExists.c
Linking C executable cmTC_8e16c
/usr/bin/cmake -E cmake_link_script CMakeFiles/cmTC_8e16c.dir/link.txt --verbose=1
/usr/bin/cc   -DCHECK_FUNCTION_EXISTS=pthread_create    CMakeFiles/cmTC_8e16c.dir/CheckFunctionExists.c.o  -o cmTC_8e16c -rdynamic -lpthreads 
/usr/bin/ld: 找不到 -lpthreads
collect2: error: ld returned 1 exit status
CMakeFiles/cmTC_8e16c.dir/build.make:97: recipe for target 'cmTC_8e16c' failed
make[1]: *** [cmTC_8e16c] Error 1
make[1]: Leaving directory '/home/client1/桌面/robocup3D标准平台安装/robocup3D/robocup3D/rcssserver3d-0.6.10/build/CMakeFiles/CMakeTmp'
Makefile:126: recipe for target 'cmTC_8e16c/fast' failed
make: *** [cmTC_8e16c/fast] Error 2


